<?xml version="1.0" encoding="UTF-8"?>
<!-- Generated by org.testng.reporters.JUnitReportReporter -->
<testsuite hostname="Dell" name="sceanrios_TCs.Login_Scenario" tests="2" failures="0" timestamp="8 Jan 2016 15:30:12 GMT" time="45.906" errors="0">
  <testcase name="invalid_login" time="26.220" classname="sceanrios_TCs.Login_Scenario"/>
  <testcase name="invalid_login" time="19.686" classname="sceanrios_TCs.Login_Scenario"/>
</testsuite> <!-- sceanrios_TCs.Login_Scenario -->
