<?xml version="1.0" encoding="UTF-8"?>
<!-- Generated by org.testng.reporters.JUnitReportReporter -->
<testsuite hostname="Dell" name="test_framework.testngclass" tests="3" failures="0" timestamp="8 Jan 2016 11:51:07 GMT" time="0.005" errors="0">
  <testcase name="f2" time="0.000" classname="test_framework.testngclass"/>
  <testcase name="f3" time="0.001" classname="test_framework.testngclass"/>
  <testcase name="f1" time="0.004" classname="test_framework.testngclass"/>
</testsuite> <!-- test_framework.testngclass -->
