<?xml version="1.0" encoding="UTF-8"?>
<!-- Generated by org.testng.reporters.JUnitReportReporter -->
<testsuite hostname="Dell" name="day8.FirstTestNGClass" tests="3" failures="0" timestamp="8 Jan 2016 06:25:08 GMT" time="0.047" errors="0">
  <testcase name="login" time="0.047" classname="day8.FirstTestNGClass"/>
  <testcase name="logout" time="0.000" classname="day8.FirstTestNGClass"/>
  <testcase name="sendmail" time="0.000" classname="day8.FirstTestNGClass"/>
</testsuite> <!-- day8.FirstTestNGClass -->
