<?xml version="1.0" encoding="UTF-8"?>
<!-- Generated by org.testng.reporters.JUnitReportReporter -->
<testsuite hostname="Dell" name="sceanrios_TCs.Login_Scenario" tests="3" failures="0" timestamp="14 Jan 2016 01:24:08 GMT" time="31.203" errors="0">
  <testcase name="avalid_login" time="10.705" classname="sceanrios_TCs.Login_Scenario"/>
  <testcase name="invalid_login" time="9.640" classname="sceanrios_TCs.Login_Scenario"/>
  <testcase name="invalid_login" time="10.858" classname="sceanrios_TCs.Login_Scenario"/>
</testsuite> <!-- sceanrios_TCs.Login_Scenario -->
