<?xml version="1.0" encoding="UTF-8"?>
<!-- Generated by org.testng.reporters.JUnitReportReporter -->
<testsuite hostname="Dell" name="sceanrios_TCs.Cart_Scenario" tests="2" failures="0" timestamp="14 Jan 2016 01:24:08 GMT" time="35.492" errors="0">
  <testcase name="addcart" time="19.709" classname="sceanrios_TCs.Cart_Scenario"/>
  <testcase name="deletecart" time="15.783" classname="sceanrios_TCs.Cart_Scenario"/>
</testsuite> <!-- sceanrios_TCs.Cart_Scenario -->
